<?xml version="1.0" encoding="UTF-8"?>
<!-- Generated by org.testng.reporters.JUnitReportReporter -->
<testsuite skipped="0" hostname="LAPTOP-UKONQ466" name="APIExample1" tests="1" failures="0" timestamp="02 Sep 2019 14:27:24 GMT" time="5.949" errors="0">
  <testcase name="GetWeatherDetails" time="5.949" classname="APIExample1"/>
</testsuite> <!-- APIExample1 -->
