<?xml version="1.0" encoding="UTF-8"?>
<!-- Generated by org.testng.reporters.JUnitReportReporter -->
<testsuite skipped="0" hostname="LAPTOP-UKONQ466" name="JiraPostRequest" tests="1" failures="0" timestamp="28 Sep 2019 06:19:39 GMT" time="11.292" errors="0">
  <testcase name="deleteTheCreatedIssue" time="11.292" classname="JiraPostRequest"/>
</testsuite> <!-- JiraPostRequest -->
